<?xml version="1.0" encoding="UTF-8"?>
<!-- Generated by org.testng.reporters.JUnitReportReporter -->
<testsuite hostname="DESKTOP-8V15BLP" failures="0" tests="1" name="Com.Patiquette.SCM.EditRetailerProfile" time="6.233" errors="0" timestamp="2023-07-10T16:15:12 IST" skipped="0">
  <testcase classname="Com.Patiquette.SCM.EditRetailerProfile" name="newOrderDetailsTest" time="6.233"/>
  <system-out/>
</testsuite> <!-- Com.Patiquette.SCM.EditRetailerProfile -->
