<?xml version="1.0" encoding="UTF-8"?>
<!-- Generated by org.testng.reporters.JUnitReportReporter -->
<testsuite hostname="DESKTOP-8V15BLP" failures="1" tests="4" name="Practice.ListenersDummy" time="11.387" errors="0" timestamp="2023-07-07T17:29:18 IST" skipped="3">
  <testcase classname="Practice.ListenersDummy" name="listenersDummyTest" time="2.303">
    <skipped/>
  </testcase> <!-- listenersDummyTest -->
  <system-out/>
  <testcase classname="Practice.ListenersDummy" name="listenersDummyTest" time="3.423">
    <failure message="null" type="java.lang.AssertionError">
      <![CDATA[java.lang.AssertionError: null
at org.testng.Assert.fail(Assert.java:99)
at org.testng.Assert.fail(Assert.java:106)
at Practice.ListenersDummy.listenersDummyTest(ListenersDummy.java:12)
at java.base/jdk.internal.reflect.DirectMethodHandleAccessor.invoke(DirectMethodHandleAccessor.java:104)
at java.base/java.lang.reflect.Method.invoke(Method.java:577)
at org.testng.internal.MethodInvocationHelper.invokeMethod(MethodInvocationHelper.java:133)
at org.testng.internal.TestInvoker.invokeMethod(TestInvoker.java:598)
at org.testng.internal.TestInvoker.retryFailed(TestInvoker.java:213)
at org.testng.internal.MethodRunner.runInSequence(MethodRunner.java:58)
at org.testng.internal.TestInvoker$MethodInvocationAgent.invoke(TestInvoker.java:824)
at org.testng.internal.TestInvoker.invokeTestMethods(TestInvoker.java:146)
at org.testng.internal.TestMethodWorker.invokeTestMethods(TestMethodWorker.java:146)
at org.testng.internal.TestMethodWorker.run(TestMethodWorker.java:128)
at java.base/java.util.concurrent.ThreadPoolExecutor.runWorker(ThreadPoolExecutor.java:1136)
at java.base/java.util.concurrent.ThreadPoolExecutor$Worker.run(ThreadPoolExecutor.java:635)
at java.base/java.lang.Thread.run(Thread.java:833)
]]>
    </failure>
  </testcase> <!-- listenersDummyTest -->
  <system-out/>
  <testcase classname="Practice.ListenersDummy" name="listenersDummyTest" time="2.851">
    <skipped/>
  </testcase> <!-- listenersDummyTest -->
  <system-out/>
  <testcase classname="Practice.ListenersDummy" name="listenersDummyTest" time="2.810">
    <skipped/>
  </testcase> <!-- listenersDummyTest -->
  <system-out/>
</testsuite> <!-- Practice.ListenersDummy -->
