<?xml version="1.0" encoding="UTF-8"?>
<!-- Generated by org.testng.reporters.JUnitReportReporter -->
<testsuite hostname="DESKTOP-8V15BLP" failures="0" tests="3" name="Practice.DataProviderPractice" time="0.031" errors="0" timestamp="2023-07-09T18:08:52 IST" skipped="0">
  <testcase classname="Practice.DataProviderPractice" name="getData" time="0.004"/>
  <system-out/>
  <testcase classname="Practice.DataProviderPractice" name="getData" time="0.004"/>
  <system-out/>
  <testcase classname="Practice.DataProviderPractice" name="getData" time="0.023"/>
  <system-out/>
</testsuite> <!-- Practice.DataProviderPractice -->
