<?xml version="1.0" encoding="UTF-8"?>
<!-- Generated by org.testng.reporters.JUnitReportReporter -->
<testsuite hostname="DESKTOP-8V15BLP" failures="0" tests="4" name="Practice.TestNgPracticeTest" time="0.010" errors="0" timestamp="2023-07-06T16:22:57 IST" skipped="1">
  <testcase classname="Practice.TestNgPracticeTest" name="acttest2" time="0.001"/>
  <system-out/>
  <testcase classname="Practice.TestNgPracticeTest" name="acttest3" time="0.004"/>
  <system-out/>
  <testcase classname="Practice.TestNgPracticeTest" name="acttest3" time="0.005"/>
  <system-out/>
  <testcase classname="Practice.TestNgPracticeTest" name="acttest1">
    <skipped/>
  </testcase> <!-- acttest1 -->
  <system-out/>
</testsuite> <!-- Practice.TestNgPracticeTest -->
