<?xml version="1.0" encoding="UTF-8"?>
<!-- Generated by org.testng.reporters.JUnitReportReporter -->
<testsuite hostname="DESKTOP-8V15BLP" failures="0" tests="4" name="Com.Patiquette.SCM.SearchInvoiceByDate" time="151.782" errors="0" timestamp="2023-07-07T10:16:04 IST" skipped="0">
  <testcase classname="Com.Patiquette.SCM.SearchInvoiceByDate" name="SearchInvoiceByDateTest" time="52.283"/>
  <system-out/>
  <testcase classname="Com.Patiquette.SCM.SearchInvoiceByDate" name="testMethod" time="19.837"/>
  <system-out/>
  <testcase classname="Com.Patiquette.SCM.SearchInvoiceByDate" name="SearchInvoiceByDateTest" time="45.633"/>
  <system-out/>
  <testcase classname="Com.Patiquette.SCM.SearchInvoiceByDate" name="testMethod" time="34.029"/>
  <system-out/>
</testsuite> <!-- Com.Patiquette.SCM.SearchInvoiceByDate -->
